2024-05-07 11:31:44.371 [info] Log level: Info
2024-05-07 11:31:44.371 [info] Validating found git in: "git"
2024-05-07 11:31:44.371 [info] Using git "2.45.0" from "git"
2024-05-07 11:31:44.371 [info] > git rev-parse --show-toplevel [5ms]
2024-05-07 11:31:44.371 [info] fatal: not a git repository (or any of the parent directories): .git
2024-05-07 11:31:44.371 [info] > git rev-parse --show-toplevel [2ms]
2024-05-07 11:31:44.371 [info] fatal: not a git repository (or any of the parent directories): .git
2024-05-07 11:31:45.118 [info] > git rev-parse --show-toplevel [6ms]
2024-05-07 11:31:45.118 [info] fatal: not a git repository (or any of the parent directories): .git
2024-05-07 11:40:00.702 [info] > git rev-parse --show-toplevel [3ms]
2024-05-07 11:40:00.702 [info] fatal: not a git repository (or any of the parent directories): .git
2024-05-07 12:03:41.808 [info] Log level: Info
2024-05-07 12:03:41.808 [info] Validating found git in: "git"
2024-05-07 12:03:41.808 [info] Using git "2.45.0" from "git"
2024-05-07 12:03:41.812 [info] > git rev-parse --show-toplevel [3ms]
2024-05-07 12:03:41.813 [info] fatal: not a git repository (or any of the parent directories): .git
2024-05-07 12:03:41.823 [info] > git rev-parse --show-toplevel [2ms]
2024-05-07 12:03:41.823 [info] fatal: not a git repository (or any of the parent directories): .git
2024-05-07 12:03:41.833 [info] > git rev-parse --show-toplevel [2ms]
2024-05-07 12:03:41.833 [info] fatal: not a git repository (or any of the parent directories): .git
