2024-05-08 07:44:46.416 [warning] [composer-php-vscode]: Couldn't find message for key composer.workingPath.description.
2024-05-08 07:44:46.421 [warning] [composer-php-vscode]: Couldn't find message for key composer.bin.description.
2024-05-08 07:44:46.421 [warning] [composer-php-vscode]: Couldn't find message for key composer.inlayVersionEnabled.description.
2024-05-08 07:44:46.421 [warning] [composer-php-vscode]: Couldn't find message for key composer.diagnosticsEnabled.description.
2024-05-08 07:44:46.421 [warning] [composer-php-vscode]: Couldn't find message for key commands.download.title.
2024-05-08 07:44:46.422 [warning] [composer-php-vscode]: Couldn't find message for key commands.search.title.
2024-05-08 07:44:46.422 [warning] [composer-php-vscode]: Couldn't find message for key task.composer.command.description.
2024-05-08 07:44:46.422 [warning] [composer-php-vscode]: Couldn't find message for key task.composer.args.description.
2024-05-08 07:44:46.422 [warning] [composer-php-vscode]: Couldn't find message for key capabilities.virtualWorkspaces.description.
2024-05-08 07:44:46.423 [warning] [composer-php-vscode]: Couldn't find message for key capabilities.untrustedWorkspaces.description.
2024-05-08 07:44:46.423 [warning] [profiler-php-vscode]: Couldn't find message for key phpprofiler.hotpath.treshold.desc.
2024-05-08 07:44:46.423 [warning] [profiler-php-vscode]: Couldn't find message for key phpprofiler.openfile.title.
2024-05-08 07:44:46.424 [warning] [profiler-php-vscode]: Couldn't find message for key customeditor.phpprofiler.cachegrind.
2024-05-08 07:44:46.424 [warning] [profiler-php-vscode]: Couldn't find message for key capabilities.virtualWorkspaces.description.
2024-05-08 07:44:46.425 [warning] [profiler-php-vscode]: Couldn't find message for key capabilities.untrustedWorkspaces.description.
2024-05-08 07:44:46.431 [warning] [phptools-vscode]: Couldn't find message for key php.inlayHints.insertOnDoubleClick.
2024-05-08 07:44:46.431 [warning] [phptools-vscode]: Couldn't find message for key php.inlayHints.parameters.enabled.
2024-05-08 07:44:46.431 [warning] [phptools-vscode]: Couldn't find message for key php.inlayHints.parameters.suppressNameMatchingValue.
2024-05-08 07:44:46.432 [warning] [phptools-vscode]: Couldn't find message for key php.inlayHints.parameters.byReference.
2024-05-08 07:44:46.432 [warning] [phptools-vscode]: Couldn't find message for key php.inlayHints.types.return.true.
2024-05-08 07:44:46.432 [warning] [phptools-vscode]: Couldn't find message for key php.inlayHints.types.return.false.
2024-05-08 07:44:46.433 [warning] [phptools-vscode]: Couldn't find message for key php.inlayHints.types.return.named.
2024-05-08 07:44:46.433 [warning] [phptools-vscode]: Couldn't find message for key php.inlayHints.types.return.
2024-05-08 07:44:46.433 [warning] [phptools-vscode]: Couldn't find message for key php.inlayHints.types.variable.
2024-05-08 07:44:46.433 [warning] [phptools-vscode]: Couldn't find message for key php.inlayHints.types.suppressVariableFromLiteral.
2024-05-08 07:44:46.433 [warning] [phptools-vscode]: Couldn't find message for key php.workspace.shortOpenTag.auto.
2024-05-08 07:44:46.434 [warning] [phptools-vscode]: Couldn't find message for key php.workspace.shortOpenTag.true.
2024-05-08 07:44:46.434 [warning] [phptools-vscode]: Couldn't find message for key php.workspace.shortOpenTag.false.
2024-05-08 07:44:46.434 [warning] [phptools-vscode]: Couldn't find message for key php.problems.scope.none.
2024-05-08 07:44:46.434 [warning] [phptools-vscode]: Couldn't find message for key php.problems.scope.opened.
2024-05-08 07:44:46.435 [warning] [phptools-vscode]: Couldn't find message for key php.problems.scope.all.
2024-05-08 07:44:46.435 [warning] [phptools-vscode]: Couldn't find message for key phpunit.command.description.
2024-05-08 07:44:46.435 [warning] [phptools-vscode]: Couldn't find message for key php.format.codeStyle.description.
2024-05-08 07:44:46.435 [warning] [phptools-vscode]: Couldn't find message for key php.format.rules.addCommaAfterLastArrayElement.description.
2024-05-08 07:44:46.435 [warning] [phptools-vscode]: Couldn't find message for key php.format.rules.addCommaAfterLastCallParameter.description.
2024-05-08 07:44:46.435 [warning] [phptools-vscode]: Couldn't find message for key php.format.rules.addCommaAfterLastDeclParameter.description.
2024-05-08 07:44:46.436 [warning] [phptools-vscode]: Couldn't find message for key php.format.rules.booleanConstantCasing.description.
2024-05-08 07:44:46.436 [warning] [phptools-vscode]: Couldn't find message for key _inherit.
2024-05-08 07:44:46.436 [warning] [phptools-vscode]: Couldn't find message for key _uppercase.
2024-05-08 07:44:46.436 [warning] [phptools-vscode]: Couldn't find message for key _lowercase.
2024-05-08 07:44:46.436 [warning] [phptools-vscode]: Couldn't find message for key _keep.
2024-05-08 07:44:46.436 [warning] [phptools-vscode]: Couldn't find message for key php.format.rules.nullConstantCasing.description.
2024-05-08 07:44:46.437 [warning] [phptools-vscode]: Couldn't find message for key _inherit.
2024-05-08 07:44:46.437 [warning] [phptools-vscode]: Couldn't find message for key _uppercase.
2024-05-08 07:44:46.437 [warning] [phptools-vscode]: Couldn't find message for key _lowercase.
2024-05-08 07:44:46.437 [warning] [phptools-vscode]: Couldn't find message for key _keep.
2024-05-08 07:44:46.438 [warning] [phptools-vscode]: Couldn't find message for key php.format.rules.removeReduntandClosingTag.description.
2024-05-08 07:44:46.438 [warning] [phptools-vscode]: Couldn't find message for key php.format.rules.indentBraces.description.
2024-05-08 07:44:46.438 [warning] [phptools-vscode]: Couldn't find message for key php.format.rules.catchOnNewLine.description.
2024-05-08 07:44:46.438 [warning] [phptools-vscode]: Couldn't find message for key php.format.rules.elseOnNewLine.description.
2024-05-08 07:44:46.439 [warning] [phptools-vscode]: Couldn't find message for key php.format.rules.endWithNewLine.description.
2024-05-08 07:44:46.439 [warning] [phptools-vscode]: Couldn't find message for key php.format.rules.finallyOnNewLine.description.
2024-05-08 07:44:46.440 [warning] [phptools-vscode]: Couldn't find message for key php.format.rules.openBraceOnNewLineForAnonymousClasses.description.
2024-05-08 07:44:46.440 [warning] [phptools-vscode]: Couldn't find message for key php.format.rules.openBraceOnNewLineForBlocks.description.
2024-05-08 07:44:46.440 [warning] [phptools-vscode]: Couldn't find message for key php.format.rules.openBraceOnNewLineForFunctions.description.
2024-05-08 07:44:46.440 [warning] [phptools-vscode]: Couldn't find message for key php.format.rules.openBraceOnNewLineForLambdas.description.
2024-05-08 07:44:46.440 [warning] [phptools-vscode]: Couldn't find message for key php.format.rules.openBraceOnNewLineForNamespaces.description.
2024-05-08 07:44:46.441 [warning] [phptools-vscode]: Couldn't find message for key php.format.rules.openBraceOnNewLineForTypes.description.
2024-05-08 07:44:46.441 [warning] [phptools-vscode]: Couldn't find message for key php.format.rules.spaceAfterCast.description.
2024-05-08 07:44:46.441 [warning] [phptools-vscode]: Couldn't find message for key php.format.rules.spaceAfterUnaryNot.description.
2024-05-08 07:44:46.441 [warning] [phptools-vscode]: Couldn't find message for key php.format.rules.spaceAroundConcatenation.description.
2024-05-08 07:44:46.441 [warning] [phptools-vscode]: Couldn't find message for key php.format.rules.spaceBeforeColonInControlStatements.description.
2024-05-08 07:44:46.442 [warning] [phptools-vscode]: Couldn't find message for key php.format.rules.spaceBeforeColonInReturnType.description.
2024-05-08 07:44:46.442 [warning] [phptools-vscode]: Couldn't find message for key php.format.rules.spaceBeforeParenthesesInArrowFunctions.description.
2024-05-08 07:44:46.442 [warning] [phptools-vscode]: Couldn't find message for key php.format.rules.spaceBeforeParenthesesInCalls.description.
2024-05-08 07:44:46.442 [warning] [phptools-vscode]: Couldn't find message for key php.format.rules.spaceBeforeParenthesesInControlStatements.description.
2024-05-08 07:44:46.443 [warning] [phptools-vscode]: Couldn't find message for key php.format.rules.spaceBeforeParenthesesInDeclarations.description.
2024-05-08 07:44:46.443 [warning] [phptools-vscode]: Couldn't find message for key php.format.rules.spaceWithinArrayInitilizersParens.description.
2024-05-08 07:44:46.443 [warning] [phptools-vscode]: Couldn't find message for key php.format.rules.spaceWithinBrackets.description.
2024-05-08 07:44:46.443 [warning] [phptools-vscode]: Couldn't find message for key php.format.rules.spaceWithinBracketsAroundExpression.description.
2024-05-08 07:44:46.443 [warning] [phptools-vscode]: Couldn't find message for key php.format.rules.spaceWithinCallParens.description.
2024-05-08 07:44:46.444 [warning] [phptools-vscode]: Couldn't find message for key php.format.rules.spaceWithinCatchParens.description.
2024-05-08 07:44:46.444 [warning] [phptools-vscode]: Couldn't find message for key php.format.rules.spaceWithinDeclParens.description.
2024-05-08 07:44:46.444 [warning] [phptools-vscode]: Couldn't find message for key php.format.rules.spaceWithinExpressionParens.description.
2024-05-08 07:44:46.444 [warning] [phptools-vscode]: Couldn't find message for key php.format.rules.spaceWithinForeachParens.description.
2024-05-08 07:44:46.445 [warning] [phptools-vscode]: Couldn't find message for key php.format.rules.spaceWithinForParens.description.
2024-05-08 07:44:46.445 [warning] [phptools-vscode]: Couldn't find message for key php.format.rules.spaceWithinIfParens.description.
2024-05-08 07:44:46.445 [warning] [phptools-vscode]: Couldn't find message for key php.format.rules.spaceWithinSwitchParens.description.
2024-05-08 07:44:46.445 [warning] [phptools-vscode]: Couldn't find message for key php.format.rules.spaceWithinWhileParens.description.
2024-05-08 07:44:46.445 [warning] [phptools-vscode]: Couldn't find message for key php.format.rules.alignConsecutiveAssignments.description.
2024-05-08 07:44:46.445 [warning] [phptools-vscode]: Couldn't find message for key php.format.rules.alignConstants.description.
2024-05-08 07:44:46.446 [warning] [phptools-vscode]: Couldn't find message for key php.format.rules.alignEnumCases.description.
2024-05-08 07:44:46.446 [warning] [phptools-vscode]: Couldn't find message for key php.format.rules.alignMatchArmBodies.description.
2024-05-08 07:44:46.446 [warning] [phptools-vscode]: Couldn't find message for key php.format.rules.arrayInitializersAlignKeyValuePairs.description.
2024-05-08 07:44:46.446 [warning] [phptools-vscode]: Couldn't find message for key php.format.rules.arrayInitializersNewLineAfterLastElement.description.
2024-05-08 07:44:46.446 [warning] [phptools-vscode]: Couldn't find message for key php.format.rules.arrayInitializersNewLineBeforeFirstElement.description.
2024-05-08 07:44:46.447 [warning] [phptools-vscode]: Couldn't find message for key php.format.rules.arrayInitializersWrap.description.
2024-05-08 07:44:46.447 [warning] [phptools-vscode]: Couldn't find message for key _inherit.
2024-05-08 07:44:46.448 [warning] [phptools-vscode]: Couldn't find message for key _off.
2024-05-08 07:44:46.448 [warning] [phptools-vscode]: Couldn't find message for key _onEveryItem.
2024-05-08 07:44:46.448 [warning] [phptools-vscode]: Couldn't find message for key _always.
2024-05-08 07:44:46.448 [warning] [phptools-vscode]: Couldn't find message for key _wrap.inherit.description.
2024-05-08 07:44:46.448 [warning] [phptools-vscode]: Couldn't find message for key _wrap.off.description.
2024-05-08 07:44:46.449 [warning] [phptools-vscode]: Couldn't find message for key _wrap.onEveryItem.description.
2024-05-08 07:44:46.449 [warning] [phptools-vscode]: Couldn't find message for key _wrap.always.description.
2024-05-08 07:44:46.449 [warning] [phptools-vscode]: Couldn't find message for key php.format.rules.callParametersNewLineAfterLeftParen.description.
2024-05-08 07:44:46.450 [warning] [phptools-vscode]: Couldn't find message for key php.format.rules.callParametersNewLineBeforeRightParen.description.
2024-05-08 07:44:46.450 [warning] [phptools-vscode]: Couldn't find message for key php.format.rules.callParametersWrap.description.
2024-05-08 07:44:46.450 [warning] [phptools-vscode]: Couldn't find message for key _inherit.
2024-05-08 07:44:46.450 [warning] [phptools-vscode]: Couldn't find message for key _off.
2024-05-08 07:44:46.450 [warning] [phptools-vscode]: Couldn't find message for key _onEveryItem.
2024-05-08 07:44:46.451 [warning] [phptools-vscode]: Couldn't find message for key _always.
2024-05-08 07:44:46.451 [warning] [phptools-vscode]: Couldn't find message for key _wrap.inherit.description.
2024-05-08 07:44:46.451 [warning] [phptools-vscode]: Couldn't find message for key _wrap.off.description.
2024-05-08 07:44:46.451 [warning] [phptools-vscode]: Couldn't find message for key _wrap.onEveryItem.description.
2024-05-08 07:44:46.451 [warning] [phptools-vscode]: Couldn't find message for key _wrap.always.description.
2024-05-08 07:44:46.452 [warning] [phptools-vscode]: Couldn't find message for key php.format.rules.chainedMethodCallsSemicolonOnNewLine.description.
2024-05-08 07:44:46.452 [warning] [phptools-vscode]: Couldn't find message for key php.format.rules.chainedMethodCallsWrap.description.
2024-05-08 07:44:46.452 [warning] [phptools-vscode]: Couldn't find message for key _inherit.
2024-05-08 07:44:46.452 [warning] [phptools-vscode]: Couldn't find message for key _off.
2024-05-08 07:44:46.453 [warning] [phptools-vscode]: Couldn't find message for key _onEveryItem.
2024-05-08 07:44:46.453 [warning] [phptools-vscode]: Couldn't find message for key _always.
2024-05-08 07:44:46.453 [warning] [phptools-vscode]: Couldn't find message for key _wrap.inherit.description.
2024-05-08 07:44:46.453 [warning] [phptools-vscode]: Couldn't find message for key _wrap.off.description.
2024-05-08 07:44:46.454 [warning] [phptools-vscode]: Couldn't find message for key _wrap.onEveryItem.description.
2024-05-08 07:44:46.454 [warning] [phptools-vscode]: Couldn't find message for key _wrap.always.description.
2024-05-08 07:44:46.454 [warning] [phptools-vscode]: Couldn't find message for key php.format.rules.declCompactEmptyBody.description.
2024-05-08 07:44:46.454 [warning] [phptools-vscode]: Couldn't find message for key php.format.rules.declKeepRightParenAndOpenBraceOnOneLine.description.
2024-05-08 07:44:46.455 [warning] [phptools-vscode]: Couldn't find message for key php.format.rules.declParametersNewLineAfterLeftParen.description.
2024-05-08 07:44:46.455 [warning] [phptools-vscode]: Couldn't find message for key php.format.rules.declParametersNewLineBeforeRightParen.description.
2024-05-08 07:44:46.455 [warning] [phptools-vscode]: Couldn't find message for key php.format.rules.declParametersWrap.description.
2024-05-08 07:44:46.455 [warning] [phptools-vscode]: Couldn't find message for key _inherit.
2024-05-08 07:44:46.455 [warning] [phptools-vscode]: Couldn't find message for key _off.
2024-05-08 07:44:46.455 [warning] [phptools-vscode]: Couldn't find message for key _onEveryItem.
2024-05-08 07:44:46.456 [warning] [phptools-vscode]: Couldn't find message for key _always.
2024-05-08 07:44:46.456 [warning] [phptools-vscode]: Couldn't find message for key _wrap.inherit.description.
2024-05-08 07:44:46.456 [warning] [phptools-vscode]: Couldn't find message for key _wrap.off.description.
2024-05-08 07:44:46.456 [warning] [phptools-vscode]: Couldn't find message for key _wrap.onEveryItem.description.
2024-05-08 07:44:46.456 [warning] [phptools-vscode]: Couldn't find message for key _wrap.always.description.
2024-05-08 07:44:46.456 [warning] [phptools-vscode]: Couldn't find message for key php.format.rules.forStatementNewLineAfterLeftParen.description.
2024-05-08 07:44:46.456 [warning] [phptools-vscode]: Couldn't find message for key php.format.rules.forStatementNewLineBeforeRightParen.description.
2024-05-08 07:44:46.456 [warning] [phptools-vscode]: Couldn't find message for key php.format.rules.forStatementWrap.description.
2024-05-08 07:44:46.456 [warning] [phptools-vscode]: Couldn't find message for key _inherit.
2024-05-08 07:44:46.456 [warning] [phptools-vscode]: Couldn't find message for key _off.
2024-05-08 07:44:46.457 [warning] [phptools-vscode]: Couldn't find message for key _onEveryItem.
2024-05-08 07:44:46.457 [warning] [phptools-vscode]: Couldn't find message for key _always.
2024-05-08 07:44:46.457 [warning] [phptools-vscode]: Couldn't find message for key _wrap.inherit.description.
2024-05-08 07:44:46.457 [warning] [phptools-vscode]: Couldn't find message for key _wrap.off.description.
2024-05-08 07:44:46.457 [warning] [phptools-vscode]: Couldn't find message for key _wrap.onEveryItem.description.
2024-05-08 07:44:46.457 [warning] [phptools-vscode]: Couldn't find message for key _wrap.always.description.
2024-05-08 07:44:46.457 [warning] [phptools-vscode]: Couldn't find message for key php.format.rules.groupUseNewLineBeforeFirstDeclaration.description.
2024-05-08 07:44:46.457 [warning] [phptools-vscode]: Couldn't find message for key php.format.rules.groupUseWrap.description.
2024-05-08 07:44:46.457 [warning] [phptools-vscode]: Couldn't find message for key _inherit.
2024-05-08 07:44:46.457 [warning] [phptools-vscode]: Couldn't find message for key _off.
2024-05-08 07:44:46.458 [warning] [phptools-vscode]: Couldn't find message for key _onEveryItem.
2024-05-08 07:44:46.458 [warning] [phptools-vscode]: Couldn't find message for key _always.
2024-05-08 07:44:46.458 [warning] [phptools-vscode]: Couldn't find message for key _wrap.inherit.description.
2024-05-08 07:44:46.458 [warning] [phptools-vscode]: Couldn't find message for key _wrap.off.description.
2024-05-08 07:44:46.458 [warning] [phptools-vscode]: Couldn't find message for key _wrap.onEveryItem.description.
2024-05-08 07:44:46.458 [warning] [phptools-vscode]: Couldn't find message for key _wrap.always.description.
2024-05-08 07:44:46.458 [warning] [phptools-vscode]: Couldn't find message for key php.format.rules.ifStatementNewLineAfterLeftParen.description.
2024-05-08 07:44:46.458 [warning] [phptools-vscode]: Couldn't find message for key php.format.rules.ifStatementNewLineBeforeRightParen.description.
2024-05-08 07:44:46.459 [warning] [phptools-vscode]: Couldn't find message for key php.format.rules.implementsListWrap.description.
2024-05-08 07:44:46.459 [warning] [phptools-vscode]: Couldn't find message for key _inherit.
2024-05-08 07:44:46.459 [warning] [phptools-vscode]: Couldn't find message for key _off.
2024-05-08 07:44:46.459 [warning] [phptools-vscode]: Couldn't find message for key _onEveryItem.
2024-05-08 07:44:46.459 [warning] [phptools-vscode]: Couldn't find message for key _always.
2024-05-08 07:44:46.459 [warning] [phptools-vscode]: Couldn't find message for key _wrap.inherit.description.
2024-05-08 07:44:46.459 [warning] [phptools-vscode]: Couldn't find message for key _wrap.off.description.
2024-05-08 07:44:46.459 [warning] [phptools-vscode]: Couldn't find message for key _wrap.onEveryItem.description.
2024-05-08 07:44:46.459 [warning] [phptools-vscode]: Couldn't find message for key _wrap.always.description.
2024-05-08 07:44:46.459 [warning] [phptools-vscode]: Couldn't find message for key php.format.rules.keepClassesOnOneLine.description.
2024-05-08 07:44:46.459 [warning] [phptools-vscode]: Couldn't find message for key php.format.rules.keepControlStatementsOnOneLine.description.
2024-05-08 07:44:46.461 [warning] [phptools-vscode]: Couldn't find message for key php.format.rules.keepFunctionsOnOneLine.description.
2024-05-08 07:44:46.461 [warning] [phptools-vscode]: Couldn't find message for key php.format.rules.newLineAfterImplements.description.
2024-05-08 07:44:46.462 [warning] [phptools-vscode]: Couldn't find message for key php.format.rules.switchStatementNewLineAfterLeftParen.description.
2024-05-08 07:44:46.462 [warning] [phptools-vscode]: Couldn't find message for key php.format.rules.switchStatementNewLineBeforeRightParen.description.
2024-05-08 07:44:46.462 [warning] [phptools-vscode]: Couldn't find message for key php.format.rules.whileStatementNewLineAfterLeftParen.description.
2024-05-08 07:44:46.462 [warning] [phptools-vscode]: Couldn't find message for key php.format.rules.whileStatementNewLineBeforeRightParen.description.
2024-05-08 07:44:46.462 [warning] [phptools-vscode]: Couldn't find message for key phptools.activate.title.
2024-05-08 07:44:46.463 [warning] [phptools-vscode]: Couldn't find message for key phptools.requesttrial.title.
2024-05-08 07:44:46.463 [warning] [phptools-vscode]: Couldn't find message for key phptools.releasenotes.title.
2024-05-08 07:44:46.463 [warning] [phptools-vscode]: Couldn't find message for key phptools.todo.search.title.
2024-05-08 07:44:46.463 [warning] [phptools-vscode]: Couldn't find message for key phptools.selectPhpVersion.title.
2024-05-08 07:44:46.463 [warning] [phptools-vscode]: Couldn't find message for key phptools.selectLanguage.
2024-05-08 07:44:46.463 [warning] [phptools-vscode]: Couldn't find message for key phptools.problems.scope.
2024-05-08 07:44:46.463 [warning] [phptools-vscode]: Couldn't find message for key phptools.importClass.title.
2024-05-08 07:44:46.463 [warning] [phptools-vscode]: Couldn't find message for key phptools.fqnClass.title.
2024-05-08 07:44:46.463 [warning] [phptools-vscode]: Couldn't find message for key capabilities.virtualWorkspaces.description.
2024-05-08 07:44:46.630 [info] Deleted uninstalled extension from disk devsense.composer-php-vscode /home/ninh/.vscode-oss/extensions/devsense.composer-php-vscode-1.45.15272-universal
2024-05-08 07:44:46.631 [info] Deleted uninstalled extension from disk devsense.phptools-vscode /home/ninh/.vscode-oss/extensions/devsense.phptools-vscode-1.45.15272-linux-x64
2024-05-08 07:44:46.631 [info] Deleted uninstalled extension from disk devsense.profiler-php-vscode /home/ninh/.vscode-oss/extensions/devsense.profiler-php-vscode-1.45.15272-universal
2024-05-08 07:44:46.681 [error] [uncaught exception in sharedProcess]: Error: ENOENT: no such file or directory, stat '/home/ninh/.vscode-oss/extensions/devsense.phptools-vscode-1.45.15272-linux-x64.-2146e198.vsctmp': EntryNotFound (FileSystemError): Error: ENOENT: no such file or directory, stat '/home/ninh/.vscode-oss/extensions/devsense.phptools-vscode-1.45.15272-linux-x64.-2146e198.vsctmp'
    at r.create (/usr/lib/code/out/vs/code/node/sharedProcess/sharedProcessMain.js:53:30080)
    at a (/usr/lib/code/out/vs/code/node/sharedProcess/sharedProcessMain.js:53:30195)
    at i.fb (/usr/lib/code/out/vs/code/node/sharedProcess/sharedProcessMain.js:58:36500)
    at i.stat (/usr/lib/code/out/vs/code/node/sharedProcess/sharedProcessMain.js:58:28946)
    at async $.stat (/usr/lib/code/out/vs/code/node/sharedProcess/sharedProcessMain.js:58:16092)
    at async K.sb (/usr/lib/code/out/vs/code/node/sharedProcess/sharedProcessMain.js:104:108402)
