2024-04-22 17:18:36.043 [info] Added views:workbench.panel.markers.view in workbench.panel.markers
2024-04-22 17:18:36.043 [info] Added views:workbench.panel.output in workbench.panel.output
2024-04-22 17:18:36.043 [info] Added views:terminal in terminal
2024-04-22 17:18:36.043 [info] Added views:outline in workbench.view.explorer
2024-04-22 17:18:36.043 [info] Added views:workbench.scm in workbench.view.scm
2024-04-22 17:18:36.043 [info] Added views:workbench.view.search in workbench.view.search
2024-04-22 17:18:36.043 [info] Added views:timeline in workbench.view.explorer
2024-04-22 17:18:36.043 [info] Added views:workbench.explorer.emptyView in workbench.view.explorer
2024-04-22 17:18:36.329 [info] Added views:workbench.debug.variablesView,workbench.debug.watchExpressionsView,workbench.debug.callStackView,workbench.debug.breakPointsView in workbench.view.debug
2024-04-22 17:18:36.594 [info] Added views:workbench.panel.repl.view in workbench.panel.repl
2024-04-22 17:18:36.596 [info] Removed views:workbench.debug.breakPointsView,workbench.debug.callStackView,workbench.debug.watchExpressionsView,workbench.debug.variablesView from workbench.view.debug
2024-04-22 17:18:36.596 [info] Added views:workbench.debug.welcome in workbench.view.debug
2024-04-22 17:18:37.342 [info] Added views:~remote.forwardedPorts in ~remote.forwardedPortsContainer
2024-04-22 17:18:50.669 [info] Added views:workbench.views.extensions.installed,workbench.views.extensions.popular,extensions.recommendedList in workbench.view.extensions
2024-04-22 17:18:50.675 [info] Removed views:workbench.views.extensions.popular from workbench.view.extensions
2024-04-22 17:18:50.935 [info] Added views:workbench.views.extensions.popular in workbench.view.extensions
2024-04-22 17:18:55.117 [info] Removed views:extensions.recommendedList,workbench.views.extensions.popular,workbench.views.extensions.installed from workbench.view.extensions
2024-04-22 17:18:55.133 [info] Added views:workbench.views.extensions.marketplace in workbench.view.extensions
2024-04-22 17:20:01.166 [info] Added views:workbench.panel.markers.view in workbench.panel.markers
2024-04-22 17:20:01.166 [info] Added views:workbench.panel.output in workbench.panel.output
2024-04-22 17:20:01.166 [info] Added views:terminal in terminal
2024-04-22 17:20:01.166 [info] Added views:outline in workbench.view.explorer
2024-04-22 17:20:01.166 [info] Added views:workbench.scm in workbench.view.scm
2024-04-22 17:20:01.166 [info] Added views:workbench.view.search in workbench.view.search
2024-04-22 17:20:01.166 [info] Added views:timeline in workbench.view.explorer
2024-04-22 17:20:01.166 [info] Added views:workbench.explorer.fileView in workbench.view.explorer
2024-04-22 17:20:01.397 [info] Added views:workbench.debug.variablesView,workbench.debug.watchExpressionsView,workbench.debug.callStackView,workbench.debug.breakPointsView in workbench.view.debug
2024-04-22 17:20:01.475 [info] Added views:~remote.forwardedPorts in ~remote.forwardedPortsContainer
2024-04-22 17:20:01.505 [info] Added views:workbench.panel.repl.view in workbench.panel.repl
2024-04-22 17:20:01.506 [info] Removed views:workbench.debug.breakPointsView,workbench.debug.callStackView,workbench.debug.watchExpressionsView,workbench.debug.variablesView from workbench.view.debug
2024-04-22 17:20:01.506 [info] Added views:workbench.debug.welcome in workbench.view.debug
2024-04-22 17:20:04.603 [info] Added views:remoteExplorer in workbench.view.extension.sftp
