
-------- SESSION 2024-04-16T20:20:30.138Z (24.01.14361+202403131929, linux, x64, 16156422144, XMIND LTD., vana_linux) --------
[I 2024-04-16T20:20:30.162Z main:store:plugins:electron] current pid is "22943"
[I 2024-04-16T20:20:30.164Z usage-stats] sync data
[I 2024-04-16T20:20:30.234Z auto-updater] current version is "24.1.14361"
[I 2024-04-16T20:20:30.774Z main:store:plugins:electron] Application will finish launching.
[I 2024-04-16T20:20:30.789Z main:store:plugins:electron] Application arguments: ["/opt/Xmind/xmind"]
[I 2024-04-16T20:20:30.801Z main:store:plugins:electron] Application is ready.
[I 2024-04-16T20:20:31.045Z main:store:plugins:electron] Device ID: 0c1b6341-01cf-44a5-96ba-7267373fa996
[I 2024-04-16T20:22:07.859Z main:store:plugins:open-handler] Recover: Map(0) {}
[I 2024-04-16T20:22:07.861Z main:store:plugins:activation-updater] Start updating subscription information periodically.
[I 2024-04-16T20:22:07.862Z main:store:plugins:activation-updater] Schedule refresh timeout(60000).
[I 2024-04-16T20:22:07.862Z main:store:plugins:activation-updater] Start updating per-machine license information periodically.
[I 2024-04-16T20:22:07.862Z main:store:plugins:activation-updater] Schedule refresh timeout(60000).
[I 2024-04-16T20:22:14.215Z fonts] App Locale: en
[I 2024-04-16T20:22:14.215Z fonts] start get system fonts
[I 2024-04-16T20:22:14.768Z fonts] Consuming 552 ms to get system fonts
[I 2024-04-16T20:23:07.874Z main:store:plugins:activation-updater] Schedule refresh timeout(null).
[I 2024-04-16T20:23:08.616Z main:store:plugins:activation-updater] Schedule refresh timeout(null).
[I 2024-04-16T20:33:58.229Z main:store:plugins:editors:EditorFrame] Frame b8a8cfc1af8b534c72a34b8580 close
[I 2024-04-16T20:33:58.331Z main:store:plugins:editors:EditorFrame] Frame b8a8cfc1af8b534c72a34b8580 close
[I 2024-04-16T20:33:58.339Z main:store:plugins:editors:EditorFrame] Frame b8a8cfc1af8b534c72a34b8580 webContents destroyed
[I 2024-04-16T20:33:58.352Z main:store:plugins:electron] All windows closed. Quit application....
[I 2024-04-16T20:33:58.352Z main:store:plugins:electron] Application is intended to quit.
[I 2024-04-16T20:33:58.352Z main:store:plugins:electron] Application status is quitting:  false
[I 2024-04-16T20:33:58.353Z main:store:plugins:electron] Asking all editors to close their documents...
[I 2024-04-16T20:33:58.353Z main:store:plugins:electron] All documents are closed.
[I 2024-04-16T20:33:58.354Z main:store:plugins:activation-updater] Stop updating per-machine license information periodically.
[I 2024-04-16T20:33:58.354Z main:store:plugins:activation-updater] Stop updating subscription information periodically.
[I 2024-04-16T20:33:58.357Z main:store:plugins:electron] Application is intended to quit.
[I 2024-04-16T20:33:58.357Z main:store:plugins:electron] Application status is quitting:  true
[I 2024-04-16T20:33:58.357Z main:store:plugins:electron] Application will quit.
[I 2024-04-16T20:33:58.357Z main:store:plugins:electron] Application quitted.
