2024-05-07 11:31:43.126 [info] Added views:workbench.panel.markers.view in workbench.panel.markers
2024-05-07 11:31:43.126 [info] Added views:workbench.panel.output in workbench.panel.output
2024-05-07 11:31:43.126 [info] Added views:terminal in terminal
2024-05-07 11:31:43.126 [info] Added views:outline in workbench.view.explorer
2024-05-07 11:31:43.126 [info] Added views:workbench.scm in workbench.view.scm
2024-05-07 11:31:43.126 [info] Added views:workbench.view.search in workbench.view.search
2024-05-07 11:31:43.126 [info] Added views:timeline in workbench.view.explorer
2024-05-07 11:31:43.126 [info] Added views:workbench.explorer.fileView in workbench.view.explorer
2024-05-07 11:31:43.493 [info] Added views:workbench.debug.welcome in workbench.view.debug
2024-05-07 11:31:43.616 [info] Added views:workbench.panel.repl.view in workbench.panel.repl
2024-05-07 11:31:44.120 [info] Added views:~remote.forwardedPorts in ~remote.forwardedPortsContainer
2024-05-07 11:31:44.590 [info] Added views:workbench.view.testing in workbench.view.extension.test
2024-05-07 12:03:39.839 [info] Removed views:workbench.view.testing from workbench.view.extension.test
2024-05-07 12:03:40.763 [info] Added views:workbench.panel.markers.view in workbench.panel.markers
2024-05-07 12:03:40.763 [info] Added views:workbench.panel.output in workbench.panel.output
2024-05-07 12:03:40.763 [info] Added views:terminal in terminal
2024-05-07 12:03:40.763 [info] Added views:outline in workbench.view.explorer
2024-05-07 12:03:40.763 [info] Added views:workbench.scm in workbench.view.scm
2024-05-07 12:03:40.763 [info] Added views:workbench.view.search in workbench.view.search
2024-05-07 12:03:40.763 [info] Added views:timeline in workbench.view.explorer
2024-05-07 12:03:40.763 [info] Added views:workbench.explorer.fileView in workbench.view.explorer
2024-05-07 12:03:40.920 [info] Added views:workbench.debug.welcome in workbench.view.debug
2024-05-07 12:03:41.289 [info] Added views:workbench.panel.repl.view in workbench.panel.repl
2024-05-07 12:03:41.702 [info] Added views:remoteExplorer in workbench.view.extension.sftp
2024-05-07 12:03:42.005 [info] Added views:~remote.forwardedPorts in ~remote.forwardedPortsContainer
