2024-05-07 11:14:50.997 [info] Added views:workbench.panel.markers.view in workbench.panel.markers
2024-05-07 11:14:50.997 [info] Added views:workbench.panel.output in workbench.panel.output
2024-05-07 11:14:50.997 [info] Added views:terminal in terminal
2024-05-07 11:14:50.997 [info] Added views:outline in workbench.view.explorer
2024-05-07 11:14:50.997 [info] Added views:workbench.scm in workbench.view.scm
2024-05-07 11:14:50.997 [info] Added views:workbench.view.search in workbench.view.search
2024-05-07 11:14:50.997 [info] Added views:timeline in workbench.view.explorer
2024-05-07 11:14:50.997 [info] Added views:workbench.explorer.fileView in workbench.view.explorer
2024-05-07 11:14:51.141 [info] Added views:workbench.debug.welcome in workbench.view.debug
2024-05-07 11:14:51.625 [info] Added views:workbench.panel.repl.view in workbench.panel.repl
2024-05-07 11:14:52.057 [info] Added views:remoteExplorer in workbench.view.extension.sftp
2024-05-07 11:14:52.629 [info] Added views:~remote.forwardedPorts in ~remote.forwardedPortsContainer
2024-05-07 11:15:12.858 [info] Added views:workbench.panel.markers.view in workbench.panel.markers
2024-05-07 11:15:12.858 [info] Added views:workbench.panel.output in workbench.panel.output
2024-05-07 11:15:12.858 [info] Added views:terminal in terminal
2024-05-07 11:15:12.858 [info] Added views:outline in workbench.view.explorer
2024-05-07 11:15:12.858 [info] Added views:workbench.scm in workbench.view.scm
2024-05-07 11:15:12.858 [info] Added views:workbench.view.search in workbench.view.search
2024-05-07 11:15:12.858 [info] Added views:timeline in workbench.view.explorer
2024-05-07 11:15:12.858 [info] Added views:workbench.explorer.fileView in workbench.view.explorer
2024-05-07 11:15:13.155 [info] Added views:workbench.debug.variablesView,workbench.debug.watchExpressionsView,workbench.debug.callStackView,workbench.debug.breakPointsView in workbench.view.debug
2024-05-07 11:15:13.238 [info] Added views:workbench.panel.repl.view in workbench.panel.repl
2024-05-07 11:15:13.240 [info] Removed views:workbench.debug.breakPointsView,workbench.debug.callStackView,workbench.debug.watchExpressionsView,workbench.debug.variablesView from workbench.view.debug
2024-05-07 11:15:13.240 [info] Added views:workbench.debug.welcome in workbench.view.debug
2024-05-07 11:15:13.262 [info] Added views:~remote.forwardedPorts in ~remote.forwardedPortsContainer
2024-05-07 11:15:13.550 [info] Added views:workbench.view.testing in workbench.view.extension.test
