2024-05-08 07:36:18.115 [info] Extension host with pid 1456 started
2024-05-08 07:36:18.115 [info] Skipping acquiring lock for /home/ninh/.config/Code - OSS/User/workspaceStorage/77e55a5f4b4e86f44cbb2a6afd3bbdc5.
2024-05-08 07:36:18.255 [info] ExtensionService#_doActivateExtension vscode.emmet, startup: false, activationEvent: 'onLanguage'
2024-05-08 07:36:18.262 [info] ExtensionService#_doActivateExtension vscode.typescript-language-features, startup: false, activationEvent: 'onLanguage:javascript'
2024-05-08 07:36:18.553 [info] ExtensionService#_doActivateExtension vscode.git-base, startup: true, activationEvent: '*', root cause: vscode.git
2024-05-08 07:36:18.556 [info] ExtensionService#_doActivateExtension formulahendry.auto-rename-tag, startup: true, activationEvent: '*'
2024-05-08 07:36:18.567 [info] ExtensionService#_doActivateExtension joelday.docthis, startup: true, activationEvent: '*'
2024-05-08 07:36:18.625 [info] ExtensionService#_doActivateExtension Natizyskunk.sftp, startup: true, activationEvent: 'workspaceContains:.vscode/sftp.json'
2024-05-08 07:36:18.741 [info] ExtensionService#_doActivateExtension vscode.git, startup: true, activationEvent: '*'
2024-05-08 07:36:18.766 [info] ExtensionService#_doActivateExtension vscode.github, startup: true, activationEvent: '*'
2024-05-08 07:36:18.968 [info] Eager extensions activated
2024-05-08 07:36:18.991 [info] ExtensionService#_doActivateExtension vscode.debug-auto-launch, startup: false, activationEvent: 'onStartupFinished'
2024-05-08 07:36:18.996 [info] ExtensionService#_doActivateExtension vscode.merge-conflict, startup: false, activationEvent: 'onStartupFinished'
2024-05-08 07:36:19.004 [info] ExtensionService#_doActivateExtension ecmel.vscode-html-css, startup: false, activationEvent: 'onStartupFinished'
2024-05-08 07:36:19.007 [info] ExtensionService#_doActivateExtension PKief.material-icon-theme, startup: false, activationEvent: 'onStartupFinished'
2024-05-08 07:36:19.015 [info] ExtensionService#_doActivateExtension usernamehw.errorlens, startup: false, activationEvent: 'onStartupFinished'
2024-05-08 07:37:24.692 [info] ExtensionService#_doActivateExtension vscode.extension-editing, startup: false, activationEvent: 'onLanguage:json'
2024-05-08 07:37:24.699 [info] ExtensionService#_doActivateExtension vscode.json-language-features, startup: false, activationEvent: 'onLanguage:json'
2024-05-08 07:37:24.733 [info] ExtensionService#_doActivateExtension vscode.npm, startup: false, activationEvent: 'onLanguage:json'
2024-05-08 07:37:24.944 [info] ExtensionService#_doActivateExtension vscode.css-language-features, startup: false, activationEvent: 'onLanguage:css'
2024-05-08 07:37:28.784 [info] Extension host terminating: renderer closed the MessagePort
2024-05-08 07:37:28.795 [info] Extension host with pid 1456 exiting with code 0
